2021-05-29 19:55:36,291 [INFO ] main org.pytorch.serve.servingsdk.impl.PluginsManager -  Loading snapshot serializer plugin...
2021-05-29 19:55:36,372 [INFO ] main org.pytorch.serve.servingsdk.impl.PluginsManager - Initializing plugins manager...
2021-05-29 19:55:36,535 [INFO ] main org.pytorch.serve.ModelServer - 
Torchserve version: 0.4.0
TS Home: /home/fiete/Documents/studium/fuehrung_und_nachhaltigkeit/esg_bert/bert_env/lib/python3.8/site-packages
Current directory: /home/fiete/Documents/studium/fuehrung_und_nachhaltigkeit/esg_bert
Temp directory: /tmp
Number of GPUs: 0
Number of CPUs: 8
Max heap size: 3494 M
Python executable: /home/fiete/Documents/studium/fuehrung_und_nachhaltigkeit/esg_bert/bert_env/bin/python
Config file: N/A
Inference address: http://127.0.0.1:8080
Management address: http://127.0.0.1:8081
Metrics address: http://127.0.0.1:8082
Model Store: /home/fiete/Documents/studium/fuehrung_und_nachhaltigkeit/esg_bert/model_store
Initial Models: bert=bert.mar
Log dir: /home/fiete/Documents/studium/fuehrung_und_nachhaltigkeit/esg_bert/logs
Metrics dir: /home/fiete/Documents/studium/fuehrung_und_nachhaltigkeit/esg_bert/logs
Netty threads: 0
Netty client threads: 0
Default workers per model: 8
Blacklist Regex: N/A
Maximum Response Size: 6553500
Maximum Request Size: 6553500
Prefer direct buffer: false
Allowed Urls: [file://.*|http(s)?://.*]
Custom python dependency for model allowed: false
Metrics report format: prometheus
Enable metrics API: true
Workflow Store: /home/fiete/Documents/studium/fuehrung_und_nachhaltigkeit/esg_bert/model_store
2021-05-29 19:55:36,551 [INFO ] main org.pytorch.serve.ModelServer - Loading initial models: bert.mar
2021-05-29 19:55:41,436 [DEBUG] main org.pytorch.serve.wlm.ModelVersionedRefs - Adding new version 1.0 for model bert
2021-05-29 19:55:41,436 [DEBUG] main org.pytorch.serve.wlm.ModelVersionedRefs - Setting default version to 1.0 for model bert
2021-05-29 19:55:41,436 [INFO ] main org.pytorch.serve.wlm.ModelManager - Model bert loaded.
2021-05-29 19:55:41,437 [DEBUG] main org.pytorch.serve.wlm.ModelManager - updateModel: bert, count: 8
2021-05-29 19:55:41,466 [INFO ] main org.pytorch.serve.ModelServer - Initialize Inference server with: EpollServerSocketChannel.
2021-05-29 19:55:41,957 [INFO ] main org.pytorch.serve.ModelServer - Inference API bind to: http://127.0.0.1:8080
2021-05-29 19:55:41,958 [INFO ] main org.pytorch.serve.ModelServer - Initialize Management server with: EpollServerSocketChannel.
2021-05-29 19:55:41,974 [INFO ] main org.pytorch.serve.ModelServer - Management API bind to: http://127.0.0.1:8081
2021-05-29 19:55:41,975 [INFO ] main org.pytorch.serve.ModelServer - Initialize Metrics server with: EpollServerSocketChannel.
2021-05-29 19:55:41,977 [INFO ] main org.pytorch.serve.ModelServer - Metrics API bind to: http://127.0.0.1:8082
2021-05-29 19:55:42,819 [DEBUG] W-9007-bert_1.0 org.pytorch.serve.wlm.WorkerThread - W-9007-bert_1.0 State change null -> WORKER_STARTED
2021-05-29 19:55:42,835 [INFO ] W-9007-bert_1.0 org.pytorch.serve.wlm.WorkerThread - Connecting to: /tmp/.ts.sock.9007
2021-05-29 19:55:42,965 [DEBUG] W-9005-bert_1.0 org.pytorch.serve.wlm.WorkerThread - W-9005-bert_1.0 State change null -> WORKER_STARTED
2021-05-29 19:55:42,966 [INFO ] W-9005-bert_1.0 org.pytorch.serve.wlm.WorkerThread - Connecting to: /tmp/.ts.sock.9005
2021-05-29 19:55:43,022 [DEBUG] W-9002-bert_1.0 org.pytorch.serve.wlm.WorkerThread - W-9002-bert_1.0 State change null -> WORKER_STARTED
2021-05-29 19:55:43,023 [INFO ] W-9002-bert_1.0 org.pytorch.serve.wlm.WorkerThread - Connecting to: /tmp/.ts.sock.9002
2021-05-29 19:55:43,067 [WARN ] pool-2-thread-1 org.pytorch.serve.metrics.MetricCollector - worker pid is not available yet.
2021-05-29 19:55:43,070 [DEBUG] W-9003-bert_1.0 org.pytorch.serve.wlm.WorkerThread - W-9003-bert_1.0 State change null -> WORKER_STARTED
2021-05-29 19:55:43,070 [INFO ] W-9003-bert_1.0 org.pytorch.serve.wlm.WorkerThread - Connecting to: /tmp/.ts.sock.9003
2021-05-29 19:55:43,139 [DEBUG] W-9004-bert_1.0 org.pytorch.serve.wlm.WorkerThread - W-9004-bert_1.0 State change null -> WORKER_STARTED
2021-05-29 19:55:43,140 [INFO ] W-9004-bert_1.0 org.pytorch.serve.wlm.WorkerThread - Connecting to: /tmp/.ts.sock.9004
2021-05-29 19:55:43,218 [DEBUG] W-9000-bert_1.0 org.pytorch.serve.wlm.WorkerThread - W-9000-bert_1.0 State change null -> WORKER_STARTED
2021-05-29 19:55:43,218 [INFO ] W-9000-bert_1.0 org.pytorch.serve.wlm.WorkerThread - Connecting to: /tmp/.ts.sock.9000
2021-05-29 19:55:43,219 [DEBUG] W-9006-bert_1.0 org.pytorch.serve.wlm.WorkerThread - W-9006-bert_1.0 State change null -> WORKER_STARTED
2021-05-29 19:55:43,220 [INFO ] W-9006-bert_1.0 org.pytorch.serve.wlm.WorkerThread - Connecting to: /tmp/.ts.sock.9006
2021-05-29 19:55:43,308 [DEBUG] W-9001-bert_1.0 org.pytorch.serve.wlm.WorkerThread - W-9001-bert_1.0 State change null -> WORKER_STARTED
2021-05-29 19:55:43,310 [INFO ] W-9001-bert_1.0 org.pytorch.serve.wlm.WorkerThread - Connecting to: /tmp/.ts.sock.9001
2021-05-29 19:55:47,436 [INFO ] W-9007-bert_1.0 org.pytorch.serve.wlm.WorkerThread - Backend response time: 4358
2021-05-29 19:55:47,437 [DEBUG] W-9007-bert_1.0 org.pytorch.serve.wlm.WorkerThread - W-9007-bert_1.0 State change WORKER_STARTED -> WORKER_MODEL_LOADED
2021-05-29 19:55:47,848 [INFO ] W-9004-bert_1.0 org.pytorch.serve.wlm.WorkerThread - Backend response time: 4635
2021-05-29 19:55:47,849 [DEBUG] W-9004-bert_1.0 org.pytorch.serve.wlm.WorkerThread - W-9004-bert_1.0 State change WORKER_STARTED -> WORKER_MODEL_LOADED
2021-05-29 19:55:47,857 [INFO ] W-9000-bert_1.0 org.pytorch.serve.wlm.WorkerThread - Backend response time: 4525
2021-05-29 19:55:47,858 [DEBUG] W-9000-bert_1.0 org.pytorch.serve.wlm.WorkerThread - W-9000-bert_1.0 State change WORKER_STARTED -> WORKER_MODEL_LOADED
2021-05-29 19:55:47,900 [INFO ] W-9005-bert_1.0 org.pytorch.serve.wlm.WorkerThread - Backend response time: 4841
2021-05-29 19:55:47,900 [DEBUG] W-9005-bert_1.0 org.pytorch.serve.wlm.WorkerThread - W-9005-bert_1.0 State change WORKER_STARTED -> WORKER_MODEL_LOADED
2021-05-29 19:55:48,030 [INFO ] W-9002-bert_1.0 org.pytorch.serve.wlm.WorkerThread - Backend response time: 4893
2021-05-29 19:55:48,031 [DEBUG] W-9002-bert_1.0 org.pytorch.serve.wlm.WorkerThread - W-9002-bert_1.0 State change WORKER_STARTED -> WORKER_MODEL_LOADED
2021-05-29 19:55:48,169 [INFO ] W-9003-bert_1.0 org.pytorch.serve.wlm.WorkerThread - Backend response time: 5037
2021-05-29 19:55:48,170 [DEBUG] W-9003-bert_1.0 org.pytorch.serve.wlm.WorkerThread - W-9003-bert_1.0 State change WORKER_STARTED -> WORKER_MODEL_LOADED
2021-05-29 19:55:48,312 [INFO ] W-9006-bert_1.0 org.pytorch.serve.wlm.WorkerThread - Backend response time: 4950
2021-05-29 19:55:48,312 [DEBUG] W-9006-bert_1.0 org.pytorch.serve.wlm.WorkerThread - W-9006-bert_1.0 State change WORKER_STARTED -> WORKER_MODEL_LOADED
2021-05-29 19:55:48,457 [INFO ] W-9001-bert_1.0 org.pytorch.serve.wlm.WorkerThread - Backend response time: 5024
2021-05-29 19:55:48,457 [DEBUG] W-9001-bert_1.0 org.pytorch.serve.wlm.WorkerThread - W-9001-bert_1.0 State change WORKER_STARTED -> WORKER_MODEL_LOADED
2021-05-29 19:57:20,791 [INFO ] W-9007-bert_1.0 org.pytorch.serve.wlm.WorkerThread - Backend response time: 212
2021-05-29 19:57:20,794 [DEBUG] W-9007-bert_1.0 org.pytorch.serve.job.Job - Waiting time ns: 244168, Backend time ns: 216264164
2021-05-29 19:58:28,759 [INFO ] W-9004-bert_1.0 org.pytorch.serve.wlm.WorkerThread - Backend response time: 167
2021-05-29 19:58:28,760 [DEBUG] W-9004-bert_1.0 org.pytorch.serve.job.Job - Waiting time ns: 150230, Backend time ns: 169119056
2021-05-29 20:00:42,910 [INFO ] epollEventLoopGroup-2-1 org.pytorch.serve.ModelServer - Inference model server stopped.
2021-05-29 20:00:42,911 [INFO ] epollEventLoopGroup-2-2 org.pytorch.serve.ModelServer - Management model server stopped.
2021-05-29 20:00:42,912 [INFO ] epollEventLoopGroup-2-1 org.pytorch.serve.ModelServer - Metrics model server stopped.
2021-05-29 20:00:44,942 [INFO ] main org.pytorch.serve.ModelServer - Torchserve stopped.
2021-05-29 20:00:44,946 [INFO ] Thread-0 org.pytorch.serve.ModelServer - Unregistering model bert version 1.0
2021-05-29 20:00:44,946 [DEBUG] Thread-0 org.pytorch.serve.wlm.ModelVersionedRefs - Removed model: bert version: 1.0
2021-05-29 20:00:44,947 [DEBUG] Thread-0 org.pytorch.serve.wlm.WorkerThread - W-9007-bert_1.0 State change WORKER_MODEL_LOADED -> WORKER_SCALED_DOWN
2021-05-29 20:00:44,948 [WARN ] Thread-0 org.pytorch.serve.wlm.WorkerLifeCycle - terminateIOStreams() threadName=W-9007-bert_1.0-stderr
2021-05-29 20:00:44,948 [INFO ] epollEventLoopGroup-5-1 org.pytorch.serve.wlm.WorkerThread - 9007 Worker disconnected. WORKER_SCALED_DOWN
2021-05-29 20:00:44,948 [WARN ] Thread-0 org.pytorch.serve.wlm.WorkerLifeCycle - terminateIOStreams() threadName=W-9007-bert_1.0-stdout
2021-05-29 20:00:44,949 [DEBUG] W-9007-bert_1.0 org.pytorch.serve.wlm.WorkerThread - System state is : WORKER_SCALED_DOWN
2021-05-29 20:00:44,950 [DEBUG] W-9007-bert_1.0 org.pytorch.serve.wlm.WorkerThread - Shutting down the thread .. Scaling down.
2021-05-29 20:00:44,950 [DEBUG] W-9007-bert_1.0 org.pytorch.serve.wlm.WorkerThread - W-9007-bert_1.0 State change WORKER_SCALED_DOWN -> WORKER_STOPPED
2021-05-29 20:00:44,952 [WARN ] W-9007-bert_1.0 org.pytorch.serve.wlm.WorkerLifeCycle - terminateIOStreams() threadName=W-9007-bert_1.0-stderr
2021-05-29 20:00:44,952 [WARN ] W-9007-bert_1.0 org.pytorch.serve.wlm.WorkerLifeCycle - terminateIOStreams() threadName=W-9007-bert_1.0-stdout
2021-05-29 20:00:44,952 [DEBUG] W-9007-bert_1.0 org.pytorch.serve.wlm.WorkerThread - Worker terminated due to scale-down call.
2021-05-29 20:00:44,957 [DEBUG] Thread-0 org.pytorch.serve.wlm.WorkerThread - W-9006-bert_1.0 State change WORKER_MODEL_LOADED -> WORKER_SCALED_DOWN
2021-05-29 20:00:44,958 [WARN ] Thread-0 org.pytorch.serve.wlm.WorkerLifeCycle - terminateIOStreams() threadName=W-9006-bert_1.0-stderr
2021-05-29 20:00:44,958 [WARN ] Thread-0 org.pytorch.serve.wlm.WorkerLifeCycle - terminateIOStreams() threadName=W-9006-bert_1.0-stdout
2021-05-29 20:00:44,958 [INFO ] epollEventLoopGroup-5-7 org.pytorch.serve.wlm.WorkerThread - 9006 Worker disconnected. WORKER_SCALED_DOWN
2021-05-29 20:00:44,959 [DEBUG] W-9006-bert_1.0 org.pytorch.serve.wlm.WorkerThread - System state is : WORKER_SCALED_DOWN
2021-05-29 20:00:44,959 [DEBUG] W-9006-bert_1.0 org.pytorch.serve.wlm.WorkerThread - Shutting down the thread .. Scaling down.
2021-05-29 20:00:44,959 [DEBUG] W-9006-bert_1.0 org.pytorch.serve.wlm.WorkerThread - W-9006-bert_1.0 State change WORKER_SCALED_DOWN -> WORKER_STOPPED
2021-05-29 20:00:44,960 [WARN ] W-9006-bert_1.0 org.pytorch.serve.wlm.WorkerLifeCycle - terminateIOStreams() threadName=W-9006-bert_1.0-stderr
2021-05-29 20:00:44,960 [WARN ] W-9006-bert_1.0 org.pytorch.serve.wlm.WorkerLifeCycle - terminateIOStreams() threadName=W-9006-bert_1.0-stdout
2021-05-29 20:00:44,960 [DEBUG] W-9006-bert_1.0 org.pytorch.serve.wlm.WorkerThread - Worker terminated due to scale-down call.
2021-05-29 20:00:44,964 [DEBUG] Thread-0 org.pytorch.serve.wlm.WorkerThread - W-9005-bert_1.0 State change WORKER_MODEL_LOADED -> WORKER_SCALED_DOWN
2021-05-29 20:00:44,964 [WARN ] Thread-0 org.pytorch.serve.wlm.WorkerLifeCycle - terminateIOStreams() threadName=W-9005-bert_1.0-stderr
2021-05-29 20:00:44,964 [WARN ] Thread-0 org.pytorch.serve.wlm.WorkerLifeCycle - terminateIOStreams() threadName=W-9005-bert_1.0-stdout
2021-05-29 20:00:44,965 [DEBUG] W-9005-bert_1.0 org.pytorch.serve.wlm.WorkerThread - System state is : WORKER_SCALED_DOWN
2021-05-29 20:00:44,965 [DEBUG] W-9005-bert_1.0 org.pytorch.serve.wlm.WorkerThread - Shutting down the thread .. Scaling down.
2021-05-29 20:00:44,965 [INFO ] epollEventLoopGroup-5-2 org.pytorch.serve.wlm.WorkerThread - 9005 Worker disconnected. WORKER_SCALED_DOWN
2021-05-29 20:00:44,965 [DEBUG] W-9005-bert_1.0 org.pytorch.serve.wlm.WorkerThread - W-9005-bert_1.0 State change WORKER_SCALED_DOWN -> WORKER_STOPPED
2021-05-29 20:00:44,966 [WARN ] W-9005-bert_1.0 org.pytorch.serve.wlm.WorkerLifeCycle - terminateIOStreams() threadName=W-9005-bert_1.0-stderr
2021-05-29 20:00:44,966 [WARN ] W-9005-bert_1.0 org.pytorch.serve.wlm.WorkerLifeCycle - terminateIOStreams() threadName=W-9005-bert_1.0-stdout
2021-05-29 20:00:44,968 [DEBUG] Thread-0 org.pytorch.serve.wlm.WorkerThread - W-9004-bert_1.0 State change WORKER_MODEL_LOADED -> WORKER_SCALED_DOWN
2021-05-29 20:00:44,969 [DEBUG] W-9005-bert_1.0 org.pytorch.serve.wlm.WorkerThread - Worker terminated due to scale-down call.
2021-05-29 20:00:44,969 [WARN ] Thread-0 org.pytorch.serve.wlm.WorkerLifeCycle - terminateIOStreams() threadName=W-9004-bert_1.0-stderr
2021-05-29 20:00:44,969 [WARN ] Thread-0 org.pytorch.serve.wlm.WorkerLifeCycle - terminateIOStreams() threadName=W-9004-bert_1.0-stdout
2021-05-29 20:00:44,969 [DEBUG] W-9004-bert_1.0 org.pytorch.serve.wlm.WorkerThread - System state is : WORKER_SCALED_DOWN
2021-05-29 20:00:44,969 [DEBUG] W-9004-bert_1.0 org.pytorch.serve.wlm.WorkerThread - Shutting down the thread .. Scaling down.
2021-05-29 20:00:44,967 [INFO ] W-9005-bert_1.0-stdout org.pytorch.serve.wlm.WorkerLifeCycle - Stopped Scanner - W-9005-bert_1.0-stdout
2021-05-29 20:00:44,971 [INFO ] epollEventLoopGroup-5-5 org.pytorch.serve.wlm.WorkerThread - 9004 Worker disconnected. WORKER_SCALED_DOWN
2021-05-29 20:00:44,971 [DEBUG] W-9004-bert_1.0 org.pytorch.serve.wlm.WorkerThread - W-9004-bert_1.0 State change WORKER_SCALED_DOWN -> WORKER_STOPPED
2021-05-29 20:00:44,972 [INFO ] W-9004-bert_1.0-stdout org.pytorch.serve.wlm.WorkerLifeCycle - Stopped Scanner - W-9004-bert_1.0-stdout
2021-05-29 20:00:44,973 [WARN ] W-9004-bert_1.0 org.pytorch.serve.wlm.WorkerLifeCycle - terminateIOStreams() threadName=W-9004-bert_1.0-stderr
2021-05-29 20:00:44,978 [WARN ] W-9004-bert_1.0 org.pytorch.serve.wlm.WorkerLifeCycle - terminateIOStreams() threadName=W-9004-bert_1.0-stdout
2021-05-29 20:00:44,978 [DEBUG] Thread-0 org.pytorch.serve.wlm.WorkerThread - W-9003-bert_1.0 State change WORKER_MODEL_LOADED -> WORKER_SCALED_DOWN
2021-05-29 20:00:44,978 [DEBUG] W-9004-bert_1.0 org.pytorch.serve.wlm.WorkerThread - Worker terminated due to scale-down call.
2021-05-29 20:00:44,979 [WARN ] Thread-0 org.pytorch.serve.wlm.WorkerLifeCycle - terminateIOStreams() threadName=W-9003-bert_1.0-stderr
2021-05-29 20:00:44,979 [WARN ] Thread-0 org.pytorch.serve.wlm.WorkerLifeCycle - terminateIOStreams() threadName=W-9003-bert_1.0-stdout
2021-05-29 20:00:44,979 [DEBUG] W-9003-bert_1.0 org.pytorch.serve.wlm.WorkerThread - System state is : WORKER_SCALED_DOWN
2021-05-29 20:00:44,979 [DEBUG] W-9003-bert_1.0 org.pytorch.serve.wlm.WorkerThread - Shutting down the thread .. Scaling down.
2021-05-29 20:00:44,982 [INFO ] epollEventLoopGroup-5-4 org.pytorch.serve.wlm.WorkerThread - 9003 Worker disconnected. WORKER_SCALED_DOWN
2021-05-29 20:00:44,985 [INFO ] W-9003-bert_1.0-stdout org.pytorch.serve.wlm.WorkerLifeCycle - Stopped Scanner - W-9003-bert_1.0-stdout
2021-05-29 20:00:44,985 [DEBUG] W-9003-bert_1.0 org.pytorch.serve.wlm.WorkerThread - W-9003-bert_1.0 State change WORKER_SCALED_DOWN -> WORKER_STOPPED
2021-05-29 20:00:44,986 [WARN ] W-9003-bert_1.0 org.pytorch.serve.wlm.WorkerLifeCycle - terminateIOStreams() threadName=W-9003-bert_1.0-stderr
2021-05-29 20:00:44,986 [WARN ] W-9003-bert_1.0 org.pytorch.serve.wlm.WorkerLifeCycle - terminateIOStreams() threadName=W-9003-bert_1.0-stdout
2021-05-29 20:00:44,986 [DEBUG] W-9003-bert_1.0 org.pytorch.serve.wlm.WorkerThread - Worker terminated due to scale-down call.
2021-05-29 20:00:44,991 [DEBUG] Thread-0 org.pytorch.serve.wlm.WorkerThread - W-9002-bert_1.0 State change WORKER_MODEL_LOADED -> WORKER_SCALED_DOWN
2021-05-29 20:00:44,991 [WARN ] Thread-0 org.pytorch.serve.wlm.WorkerLifeCycle - terminateIOStreams() threadName=W-9002-bert_1.0-stderr
2021-05-29 20:00:44,991 [WARN ] Thread-0 org.pytorch.serve.wlm.WorkerLifeCycle - terminateIOStreams() threadName=W-9002-bert_1.0-stdout
2021-05-29 20:00:44,992 [DEBUG] W-9002-bert_1.0 org.pytorch.serve.wlm.WorkerThread - System state is : WORKER_SCALED_DOWN
2021-05-29 20:00:44,992 [DEBUG] W-9002-bert_1.0 org.pytorch.serve.wlm.WorkerThread - Shutting down the thread .. Scaling down.
2021-05-29 20:00:44,995 [INFO ] W-9002-bert_1.0-stdout org.pytorch.serve.wlm.WorkerLifeCycle - Stopped Scanner - W-9002-bert_1.0-stdout
2021-05-29 20:00:44,996 [DEBUG] Thread-0 org.pytorch.serve.wlm.WorkerThread - W-9001-bert_1.0 State change WORKER_MODEL_LOADED -> WORKER_SCALED_DOWN
2021-05-29 20:00:45,002 [INFO ] epollEventLoopGroup-5-3 org.pytorch.serve.wlm.WorkerThread - 9002 Worker disconnected. WORKER_SCALED_DOWN
2021-05-29 20:00:45,002 [DEBUG] W-9002-bert_1.0 org.pytorch.serve.wlm.WorkerThread - W-9002-bert_1.0 State change WORKER_SCALED_DOWN -> WORKER_STOPPED
2021-05-29 20:00:45,006 [WARN ] Thread-0 org.pytorch.serve.wlm.WorkerLifeCycle - terminateIOStreams() threadName=W-9001-bert_1.0-stderr
2021-05-29 20:00:45,010 [WARN ] Thread-0 org.pytorch.serve.wlm.WorkerLifeCycle - terminateIOStreams() threadName=W-9001-bert_1.0-stdout
2021-05-29 20:00:45,010 [DEBUG] W-9001-bert_1.0 org.pytorch.serve.wlm.WorkerThread - System state is : WORKER_SCALED_DOWN
2021-05-29 20:00:45,010 [DEBUG] W-9001-bert_1.0 org.pytorch.serve.wlm.WorkerThread - Shutting down the thread .. Scaling down.
2021-05-29 20:00:45,011 [INFO ] epollEventLoopGroup-5-8 org.pytorch.serve.wlm.WorkerThread - 9001 Worker disconnected. WORKER_SCALED_DOWN
2021-05-29 20:00:45,011 [WARN ] W-9002-bert_1.0 org.pytorch.serve.wlm.WorkerLifeCycle - terminateIOStreams() threadName=W-9002-bert_1.0-stderr
2021-05-29 20:00:45,011 [WARN ] W-9002-bert_1.0 org.pytorch.serve.wlm.WorkerLifeCycle - terminateIOStreams() threadName=W-9002-bert_1.0-stdout
2021-05-29 20:00:45,011 [DEBUG] W-9002-bert_1.0 org.pytorch.serve.wlm.WorkerThread - Worker terminated due to scale-down call.
2021-05-29 20:00:45,019 [DEBUG] W-9001-bert_1.0 org.pytorch.serve.wlm.WorkerThread - W-9001-bert_1.0 State change WORKER_SCALED_DOWN -> WORKER_STOPPED
2021-05-29 20:00:45,020 [WARN ] W-9001-bert_1.0 org.pytorch.serve.wlm.WorkerLifeCycle - terminateIOStreams() threadName=W-9001-bert_1.0-stderr
2021-05-29 20:00:45,020 [WARN ] W-9001-bert_1.0 org.pytorch.serve.wlm.WorkerLifeCycle - terminateIOStreams() threadName=W-9001-bert_1.0-stdout
2021-05-29 20:00:45,020 [DEBUG] W-9001-bert_1.0 org.pytorch.serve.wlm.WorkerThread - Worker terminated due to scale-down call.
2021-05-29 20:00:45,032 [DEBUG] Thread-0 org.pytorch.serve.wlm.WorkerThread - W-9000-bert_1.0 State change WORKER_MODEL_LOADED -> WORKER_SCALED_DOWN
2021-05-29 20:00:45,033 [WARN ] Thread-0 org.pytorch.serve.wlm.WorkerLifeCycle - terminateIOStreams() threadName=W-9000-bert_1.0-stderr
2021-05-29 20:00:45,033 [WARN ] Thread-0 org.pytorch.serve.wlm.WorkerLifeCycle - terminateIOStreams() threadName=W-9000-bert_1.0-stdout
2021-05-29 20:00:45,033 [DEBUG] W-9000-bert_1.0 org.pytorch.serve.wlm.WorkerThread - System state is : WORKER_SCALED_DOWN
2021-05-29 20:00:45,034 [DEBUG] W-9000-bert_1.0 org.pytorch.serve.wlm.WorkerThread - Shutting down the thread .. Scaling down.
2021-05-29 20:00:45,037 [DEBUG] W-9000-bert_1.0 org.pytorch.serve.wlm.WorkerThread - W-9000-bert_1.0 State change WORKER_SCALED_DOWN -> WORKER_STOPPED
2021-05-29 20:00:45,037 [WARN ] W-9000-bert_1.0 org.pytorch.serve.wlm.WorkerLifeCycle - terminateIOStreams() threadName=W-9000-bert_1.0-stderr
2021-05-29 20:00:45,037 [WARN ] W-9000-bert_1.0 org.pytorch.serve.wlm.WorkerLifeCycle - terminateIOStreams() threadName=W-9000-bert_1.0-stdout
2021-05-29 20:00:45,037 [DEBUG] W-9000-bert_1.0 org.pytorch.serve.wlm.WorkerThread - Worker terminated due to scale-down call.
2021-05-29 20:00:45,038 [INFO ] epollEventLoopGroup-5-6 org.pytorch.serve.wlm.WorkerThread - 9000 Worker disconnected. WORKER_SCALED_DOWN
2021-05-29 20:00:45,039 [INFO ] W-9007-bert_1.0-stdout org.pytorch.serve.wlm.WorkerLifeCycle - Stopped Scanner - W-9007-bert_1.0-stdout
2021-05-29 20:00:45,041 [INFO ] W-9005-bert_1.0-stderr org.pytorch.serve.wlm.WorkerLifeCycle - Stopped Scanner - W-9005-bert_1.0-stderr
2021-05-29 20:00:45,042 [INFO ] W-9007-bert_1.0-stderr org.pytorch.serve.wlm.WorkerLifeCycle - Stopped Scanner - W-9007-bert_1.0-stderr
2021-05-29 20:00:45,055 [INFO ] W-9006-bert_1.0-stderr org.pytorch.serve.wlm.WorkerLifeCycle - Stopped Scanner - W-9006-bert_1.0-stderr
2021-05-29 20:00:45,060 [INFO ] W-9004-bert_1.0-stderr org.pytorch.serve.wlm.WorkerLifeCycle - Stopped Scanner - W-9004-bert_1.0-stderr
2021-05-29 20:00:45,065 [INFO ] W-9006-bert_1.0-stdout org.pytorch.serve.wlm.WorkerLifeCycle - Stopped Scanner - W-9006-bert_1.0-stdout
2021-05-29 20:00:45,069 [INFO ] W-9003-bert_1.0-stderr org.pytorch.serve.wlm.WorkerLifeCycle - Stopped Scanner - W-9003-bert_1.0-stderr
2021-05-29 20:00:45,076 [INFO ] W-9002-bert_1.0-stderr org.pytorch.serve.wlm.WorkerLifeCycle - Stopped Scanner - W-9002-bert_1.0-stderr
2021-05-29 20:00:45,088 [INFO ] W-9001-bert_1.0-stdout org.pytorch.serve.wlm.WorkerLifeCycle - Stopped Scanner - W-9001-bert_1.0-stdout
2021-05-29 20:00:45,088 [INFO ] W-9001-bert_1.0-stderr org.pytorch.serve.wlm.WorkerLifeCycle - Stopped Scanner - W-9001-bert_1.0-stderr
2021-05-29 20:00:45,097 [INFO ] W-9000-bert_1.0-stderr org.pytorch.serve.wlm.WorkerLifeCycle - Stopped Scanner - W-9000-bert_1.0-stderr
2021-05-29 20:00:45,097 [INFO ] W-9000-bert_1.0-stdout org.pytorch.serve.wlm.WorkerLifeCycle - Stopped Scanner - W-9000-bert_1.0-stdout
2021-05-29 20:00:45,115 [INFO ] Thread-0 org.pytorch.serve.wlm.ModelManager - Model bert unregistered.
