2021-05-29 19:55:43,241 - CPUUtilization.Percent:0.0|#Level:Host|#hostname:ubu,timestamp:1622310943
2021-05-29 19:55:43,244 - DiskAvailable.Gigabytes:301.44914627075195|#Level:Host|#hostname:ubu,timestamp:1622310943
2021-05-29 19:55:43,246 - DiskUsage.Gigabytes:142.67319869995117|#Level:Host|#hostname:ubu,timestamp:1622310943
2021-05-29 19:55:43,247 - DiskUtilization.Percent:32.1|#Level:Host|#hostname:ubu,timestamp:1622310943
2021-05-29 19:55:43,248 - MemoryAvailable.Megabytes:9580.125|#Level:Host|#hostname:ubu,timestamp:1622310943
2021-05-29 19:55:43,248 - MemoryUsed.Megabytes:3907.76171875|#Level:Host|#hostname:ubu,timestamp:1622310943
2021-05-29 19:55:43,249 - MemoryUtilization.Percent:31.4|#Level:Host|#hostname:ubu,timestamp:1622310943
2021-05-29 19:55:47,437 - W-9007-bert_1.0.ms:5978|#Level:Host|#hostname:ubu,timestamp:1622310947
2021-05-29 19:55:47,439 - WorkerThreadTime.ms:157|#Level:Host|#hostname:ubu,timestamp:null
2021-05-29 19:55:47,850 - W-9004-bert_1.0.ms:6393|#Level:Host|#hostname:ubu,timestamp:1622310947
2021-05-29 19:55:47,852 - WorkerThreadTime.ms:54|#Level:Host|#hostname:ubu,timestamp:null
2021-05-29 19:55:47,858 - W-9000-bert_1.0.ms:6406|#Level:Host|#hostname:ubu,timestamp:1622310947
2021-05-29 19:55:47,858 - WorkerThreadTime.ms:87|#Level:Host|#hostname:ubu,timestamp:null
2021-05-29 19:55:47,900 - W-9005-bert_1.0.ms:6442|#Level:Host|#hostname:ubu,timestamp:1622310947
2021-05-29 19:55:47,901 - WorkerThreadTime.ms:69|#Level:Host|#hostname:ubu,timestamp:null
2021-05-29 19:55:48,031 - W-9002-bert_1.0.ms:6574|#Level:Host|#hostname:ubu,timestamp:1622310948
2021-05-29 19:55:48,031 - WorkerThreadTime.ms:49|#Level:Host|#hostname:ubu,timestamp:null
2021-05-29 19:55:48,170 - W-9003-bert_1.0.ms:6713|#Level:Host|#hostname:ubu,timestamp:1622310948
2021-05-29 19:55:48,170 - WorkerThreadTime.ms:39|#Level:Host|#hostname:ubu,timestamp:null
2021-05-29 19:55:48,312 - W-9006-bert_1.0.ms:6854|#Level:Host|#hostname:ubu,timestamp:1622310948
2021-05-29 19:55:48,312 - WorkerThreadTime.ms:112|#Level:Host|#hostname:ubu,timestamp:null
2021-05-29 19:55:48,457 - W-9001-bert_1.0.ms:7001|#Level:Host|#hostname:ubu,timestamp:1622310948
2021-05-29 19:55:48,457 - WorkerThreadTime.ms:62|#Level:Host|#hostname:ubu,timestamp:null
2021-05-29 19:56:43,049 - CPUUtilization.Percent:0.0|#Level:Host|#hostname:ubu,timestamp:1622311003
2021-05-29 19:56:43,050 - DiskAvailable.Gigabytes:301.4491157531738|#Level:Host|#hostname:ubu,timestamp:1622311003
2021-05-29 19:56:43,050 - DiskUsage.Gigabytes:142.6732292175293|#Level:Host|#hostname:ubu,timestamp:1622311003
2021-05-29 19:56:43,051 - DiskUtilization.Percent:32.1|#Level:Host|#hostname:ubu,timestamp:1622311003
2021-05-29 19:56:43,051 - MemoryAvailable.Megabytes:5815.99609375|#Level:Host|#hostname:ubu,timestamp:1622311003
2021-05-29 19:56:43,052 - MemoryUsed.Megabytes:7661.0546875|#Level:Host|#hostname:ubu,timestamp:1622311003
2021-05-29 19:56:43,052 - MemoryUtilization.Percent:58.4|#Level:Host|#hostname:ubu,timestamp:1622311003
2021-05-29 19:57:20,794 - Requests2XX.Count:1|#Level:Host|#hostname:ubu,timestamp:null
2021-05-29 19:57:20,794 - QueueTime.ms:0|#Level:Host|#hostname:ubu,timestamp:null
2021-05-29 19:57:20,794 - WorkerThreadTime.ms:4|#Level:Host|#hostname:ubu,timestamp:null
2021-05-29 19:57:43,043 - CPUUtilization.Percent:0.0|#Level:Host|#hostname:ubu,timestamp:1622311063
2021-05-29 19:57:43,043 - DiskAvailable.Gigabytes:301.44908905029297|#Level:Host|#hostname:ubu,timestamp:1622311063
2021-05-29 19:57:43,044 - DiskUsage.Gigabytes:142.67325592041016|#Level:Host|#hostname:ubu,timestamp:1622311063
2021-05-29 19:57:43,044 - DiskUtilization.Percent:32.1|#Level:Host|#hostname:ubu,timestamp:1622311063
2021-05-29 19:57:43,044 - MemoryAvailable.Megabytes:5781.64453125|#Level:Host|#hostname:ubu,timestamp:1622311063
2021-05-29 19:57:43,045 - MemoryUsed.Megabytes:7693.16015625|#Level:Host|#hostname:ubu,timestamp:1622311063
2021-05-29 19:57:43,045 - MemoryUtilization.Percent:58.6|#Level:Host|#hostname:ubu,timestamp:1622311063
2021-05-29 19:58:28,760 - Requests2XX.Count:1|#Level:Host|#hostname:ubu,timestamp:null
2021-05-29 19:58:28,760 - QueueTime.ms:0|#Level:Host|#hostname:ubu,timestamp:null
2021-05-29 19:58:28,761 - WorkerThreadTime.ms:2|#Level:Host|#hostname:ubu,timestamp:null
2021-05-29 19:58:43,049 - CPUUtilization.Percent:0.0|#Level:Host|#hostname:ubu,timestamp:1622311123
2021-05-29 19:58:43,049 - DiskAvailable.Gigabytes:301.44908142089844|#Level:Host|#hostname:ubu,timestamp:1622311123
2021-05-29 19:58:43,050 - DiskUsage.Gigabytes:142.6732635498047|#Level:Host|#hostname:ubu,timestamp:1622311123
2021-05-29 19:58:43,050 - DiskUtilization.Percent:32.1|#Level:Host|#hostname:ubu,timestamp:1622311123
2021-05-29 19:58:43,050 - MemoryAvailable.Megabytes:5759.5|#Level:Host|#hostname:ubu,timestamp:1622311123
2021-05-29 19:58:43,050 - MemoryUsed.Megabytes:7709.1015625|#Level:Host|#hostname:ubu,timestamp:1622311123
2021-05-29 19:58:43,050 - MemoryUtilization.Percent:58.8|#Level:Host|#hostname:ubu,timestamp:1622311123
2021-05-29 19:59:43,038 - CPUUtilization.Percent:66.7|#Level:Host|#hostname:ubu,timestamp:1622311183
2021-05-29 19:59:43,039 - DiskAvailable.Gigabytes:301.4507751464844|#Level:Host|#hostname:ubu,timestamp:1622311183
2021-05-29 19:59:43,039 - DiskUsage.Gigabytes:142.67156982421875|#Level:Host|#hostname:ubu,timestamp:1622311183
2021-05-29 19:59:43,039 - DiskUtilization.Percent:32.1|#Level:Host|#hostname:ubu,timestamp:1622311183
2021-05-29 19:59:43,040 - MemoryAvailable.Megabytes:5734.21875|#Level:Host|#hostname:ubu,timestamp:1622311183
2021-05-29 19:59:43,040 - MemoryUsed.Megabytes:7740.69140625|#Level:Host|#hostname:ubu,timestamp:1622311183
2021-05-29 19:59:43,041 - MemoryUtilization.Percent:58.9|#Level:Host|#hostname:ubu,timestamp:1622311183
2021-05-29 20:00:43,066 - CPUUtilization.Percent:100.0|#Level:Host|#hostname:ubu,timestamp:1622311243
2021-05-29 20:00:43,066 - DiskAvailable.Gigabytes:301.4507751464844|#Level:Host|#hostname:ubu,timestamp:1622311243
2021-05-29 20:00:43,066 - DiskUsage.Gigabytes:142.67156982421875|#Level:Host|#hostname:ubu,timestamp:1622311243
2021-05-29 20:00:43,066 - DiskUtilization.Percent:32.1|#Level:Host|#hostname:ubu,timestamp:1622311243
2021-05-29 20:00:43,067 - MemoryAvailable.Megabytes:5744.01171875|#Level:Host|#hostname:ubu,timestamp:1622311243
2021-05-29 20:00:43,067 - MemoryUsed.Megabytes:7728.91015625|#Level:Host|#hostname:ubu,timestamp:1622311243
2021-05-29 20:00:43,067 - MemoryUtilization.Percent:58.9|#Level:Host|#hostname:ubu,timestamp:1622311243
